<?xml version="1.0" encoding="UTF-8"?>
<testng-results ignored="0" total="11" passed="10" failed="1" skipped="0">
  <reporter-output>
  </reporter-output>
  <suite started-at="2021-09-26T10:54:31 IST" name="Default suite" finished-at="2021-09-26T10:55:11 IST" duration-ms="39855">
    <groups>
    </groups>
    <test started-at="2021-09-26T10:54:31 IST" name="Default test" finished-at="2021-09-26T10:55:11 IST" duration-ms="39855">
      <class name="com.UrbanLadder.runner.Runner">
        <test-method signature="homepage()[pri:1, instance:com.UrbanLadder.runner.Runner@659499f1]" started-at="2021-09-26T10:54:31 IST" name="homepage" finished-at="2021-09-26T10:54:37 IST" duration-ms="6345" status="PASS">
          <reporter-output>
          </reporter-output>
        </test-method> <!-- homepage -->
        <test-method signature="search()[pri:2, instance:com.UrbanLadder.runner.Runner@659499f1]" started-at="2021-09-26T10:54:37 IST" name="search" finished-at="2021-09-26T10:54:41 IST" duration-ms="3640" status="PASS">
          <reporter-output>
          </reporter-output>
        </test-method> <!-- search -->
        <test-method signature="UrbanLadder_ListOfProduct()[pri:3, instance:com.UrbanLadder.runner.Runner@659499f1]" started-at="2021-09-26T10:54:41 IST" name="UrbanLadder_ListOfProduct" finished-at="2021-09-26T10:54:42 IST" duration-ms="1069" status="PASS">
          <reporter-output>
          </reporter-output>
        </test-method> <!-- UrbanLadder_ListOfProduct -->
        <test-method signature="SelectStudyTable()[pri:4, instance:com.UrbanLadder.runner.Runner@659499f1]" started-at="2021-09-26T10:54:42 IST" name="SelectStudyTable" finished-at="2021-09-26T10:54:43 IST" duration-ms="1427" status="PASS">
          <reporter-output>
          </reporter-output>
        </test-method> <!-- SelectStudyTable -->
        <test-method signature="InStock()[pri:5, instance:com.UrbanLadder.runner.Runner@659499f1]" started-at="2021-09-26T10:54:43 IST" name="InStock" finished-at="2021-09-26T10:54:48 IST" duration-ms="4224" status="PASS">
          <reporter-output>
          </reporter-output>
        </test-method> <!-- InStock -->
        <test-method signature="SortResult()[pri:6, instance:com.UrbanLadder.runner.Runner@659499f1]" started-at="2021-09-26T10:54:48 IST" name="SortResult" finished-at="2021-09-26T10:54:55 IST" duration-ms="7637" status="PASS">
          <reporter-output>
          </reporter-output>
        </test-method> <!-- SortResult -->
        <test-method signature="selectProduct()[pri:7, instance:com.UrbanLadder.runner.Runner@659499f1]" started-at="2021-09-26T10:54:55 IST" name="selectProduct" finished-at="2021-09-26T10:54:57 IST" duration-ms="1397" status="PASS">
          <reporter-output>
          </reporter-output>
        </test-method> <!-- selectProduct -->
        <test-method signature="SaleAvailability()[pri:8, instance:com.UrbanLadder.runner.Runner@659499f1]" started-at="2021-09-26T10:54:57 IST" name="SaleAvailability" finished-at="2021-09-26T10:55:03 IST" duration-ms="6279" status="FAIL">
          <exception class="java.lang.AssertionError">
            <message>
              <![CDATA[expected [30% OFF] but found [20% OFF]]]>
            </message>
            <full-stacktrace>
              <![CDATA[java.lang.AssertionError: expected [30% OFF] but found [20% OFF]
at org.testng.Assert.fail(Assert.java:99)
at org.testng.Assert.failNotEquals(Assert.java:1037)
at org.testng.Assert.assertEqualsImpl(Assert.java:140)
at org.testng.Assert.assertEquals(Assert.java:122)
at org.testng.Assert.assertEquals(Assert.java:629)
at org.testng.Assert.assertEquals(Assert.java:639)
at com.UrbanLadder.pageobject.UrbanLadder_ProductDetails.saleAvailability(UrbanLadder_ProductDetails.java:40)
at com.UrbanLadder.runner.Runner.SaleAvailability(Runner.java:73)
at java.base/jdk.internal.reflect.NativeMethodAccessorImpl.invoke0(Native Method)
at java.base/jdk.internal.reflect.NativeMethodAccessorImpl.invoke(NativeMethodAccessorImpl.java:62)
at java.base/jdk.internal.reflect.DelegatingMethodAccessorImpl.invoke(DelegatingMethodAccessorImpl.java:43)
at java.base/java.lang.reflect.Method.invoke(Method.java:566)
at org.testng.internal.MethodInvocationHelper.invokeMethod(MethodInvocationHelper.java:133)
at org.testng.internal.TestInvoker.invokeMethod(TestInvoker.java:598)
at org.testng.internal.TestInvoker.invokeTestMethod(TestInvoker.java:173)
at org.testng.internal.MethodRunner.runInSequence(MethodRunner.java:46)
at org.testng.internal.TestInvoker$MethodInvocationAgent.invoke(TestInvoker.java:824)
at org.testng.internal.TestInvoker.invokeTestMethods(TestInvoker.java:146)
at org.testng.internal.TestMethodWorker.invokeTestMethods(TestMethodWorker.java:146)
at org.testng.internal.TestMethodWorker.run(TestMethodWorker.java:128)
at java.base/java.util.ArrayList.forEach(ArrayList.java:1541)
at org.testng.TestRunner.privateRun(TestRunner.java:794)
at org.testng.TestRunner.run(TestRunner.java:596)
at org.testng.SuiteRunner.runTest(SuiteRunner.java:377)
at org.testng.SuiteRunner.runSequentially(SuiteRunner.java:371)
at org.testng.SuiteRunner.privateRun(SuiteRunner.java:332)
at org.testng.SuiteRunner.run(SuiteRunner.java:276)
at org.testng.SuiteRunnerWorker.runSuite(SuiteRunnerWorker.java:53)
at org.testng.SuiteRunnerWorker.run(SuiteRunnerWorker.java:96)
at org.testng.TestNG.runSuitesSequentially(TestNG.java:1212)
at org.testng.TestNG.runSuitesLocally(TestNG.java:1134)
at org.testng.TestNG.runSuites(TestNG.java:1063)
at org.testng.TestNG.run(TestNG.java:1031)
at org.testng.remote.AbstractRemoteTestNG.run(AbstractRemoteTestNG.java:115)
at org.testng.remote.RemoteTestNG.initAndRun(RemoteTestNG.java:251)
at org.testng.remote.RemoteTestNG.main(RemoteTestNG.java:77)
]]>
            </full-stacktrace>
          </exception> <!-- java.lang.AssertionError -->
          <reporter-output>
          </reporter-output>
        </test-method> <!-- SaleAvailability -->
        <test-method signature="EMIcheck()[pri:9, instance:com.UrbanLadder.runner.Runner@659499f1]" started-at="2021-09-26T10:55:03 IST" name="EMIcheck" finished-at="2021-09-26T10:55:03 IST" duration-ms="87" status="PASS">
          <reporter-output>
          </reporter-output>
        </test-method> <!-- EMIcheck -->
        <test-method signature="addtocart()[pri:10, instance:com.UrbanLadder.runner.Runner@659499f1]" started-at="2021-09-26T10:55:03 IST" name="addtocart" finished-at="2021-09-26T10:55:05 IST" duration-ms="2438" status="PASS">
          <reporter-output>
          </reporter-output>
        </test-method> <!-- addtocart -->
        <test-method signature="checkaddtocart()[pri:11, instance:com.UrbanLadder.runner.Runner@659499f1]" started-at="2021-09-26T10:55:05 IST" name="checkaddtocart" finished-at="2021-09-26T10:55:11 IST" duration-ms="5246" status="PASS">
          <reporter-output>
          </reporter-output>
        </test-method> <!-- checkaddtocart -->
      </class> <!-- com.UrbanLadder.runner.Runner -->
    </test> <!-- Default test -->
  </suite> <!-- Default suite -->
</testng-results>
