<?xml version="1.0" encoding="UTF-8"?>
<!-- Generated by org.testng.reporters.JUnitReportReporter -->
<testsuite hostname="DESKTOP-N8RKOOP" failures="1" tests="11" name="com.UrbanLadder.runner.Runner" time="39.789" errors="0" timestamp="2021-09-26T10:55:11 IST" skipped="0">
  <testcase classname="com.UrbanLadder.runner.Runner" name="homepage" time="6.345"/>
  <system-out/>
  <testcase classname="com.UrbanLadder.runner.Runner" name="search" time="3.640"/>
  <system-out/>
  <testcase classname="com.UrbanLadder.runner.Runner" name="UrbanLadder_ListOfProduct" time="1.069"/>
  <system-out/>
  <testcase classname="com.UrbanLadder.runner.Runner" name="SelectStudyTable" time="1.427"/>
  <system-out/>
  <testcase classname="com.UrbanLadder.runner.Runner" name="InStock" time="4.224"/>
  <system-out/>
  <testcase classname="com.UrbanLadder.runner.Runner" name="SortResult" time="7.637"/>
  <system-out/>
  <testcase classname="com.UrbanLadder.runner.Runner" name="selectProduct" time="1.397"/>
  <system-out/>
  <testcase classname="com.UrbanLadder.runner.Runner" name="SaleAvailability" time="6.279">
    <failure message="expected [30% OFF] but found [20% OFF]" type="java.lang.AssertionError">
      <![CDATA[java.lang.AssertionError: expected [30% OFF] but found [20% OFF]
at org.testng.Assert.fail(Assert.java:99)
at org.testng.Assert.failNotEquals(Assert.java:1037)
at org.testng.Assert.assertEqualsImpl(Assert.java:140)
at org.testng.Assert.assertEquals(Assert.java:122)
at org.testng.Assert.assertEquals(Assert.java:629)
at org.testng.Assert.assertEquals(Assert.java:639)
at com.UrbanLadder.pageobject.UrbanLadder_ProductDetails.saleAvailability(UrbanLadder_ProductDetails.java:40)
at com.UrbanLadder.runner.Runner.SaleAvailability(Runner.java:73)
at java.base/jdk.internal.reflect.NativeMethodAccessorImpl.invoke0(Native Method)
at java.base/jdk.internal.reflect.NativeMethodAccessorImpl.invoke(NativeMethodAccessorImpl.java:62)
at java.base/jdk.internal.reflect.DelegatingMethodAccessorImpl.invoke(DelegatingMethodAccessorImpl.java:43)
at java.base/java.lang.reflect.Method.invoke(Method.java:566)
at org.testng.internal.MethodInvocationHelper.invokeMethod(MethodInvocationHelper.java:133)
at org.testng.internal.TestInvoker.invokeMethod(TestInvoker.java:598)
at org.testng.internal.TestInvoker.invokeTestMethod(TestInvoker.java:173)
at org.testng.internal.MethodRunner.runInSequence(MethodRunner.java:46)
at org.testng.internal.TestInvoker$MethodInvocationAgent.invoke(TestInvoker.java:824)
at org.testng.internal.TestInvoker.invokeTestMethods(TestInvoker.java:146)
at org.testng.internal.TestMethodWorker.invokeTestMethods(TestMethodWorker.java:146)
at org.testng.internal.TestMethodWorker.run(TestMethodWorker.java:128)
at java.base/java.util.ArrayList.forEach(ArrayList.java:1541)
at org.testng.TestRunner.privateRun(TestRunner.java:794)
at org.testng.TestRunner.run(TestRunner.java:596)
at org.testng.SuiteRunner.runTest(SuiteRunner.java:377)
at org.testng.SuiteRunner.runSequentially(SuiteRunner.java:371)
at org.testng.SuiteRunner.privateRun(SuiteRunner.java:332)
at org.testng.SuiteRunner.run(SuiteRunner.java:276)
at org.testng.SuiteRunnerWorker.runSuite(SuiteRunnerWorker.java:53)
at org.testng.SuiteRunnerWorker.run(SuiteRunnerWorker.java:96)
at org.testng.TestNG.runSuitesSequentially(TestNG.java:1212)
at org.testng.TestNG.runSuitesLocally(TestNG.java:1134)
at org.testng.TestNG.runSuites(TestNG.java:1063)
at org.testng.TestNG.run(TestNG.java:1031)
at org.testng.remote.AbstractRemoteTestNG.run(AbstractRemoteTestNG.java:115)
at org.testng.remote.RemoteTestNG.initAndRun(RemoteTestNG.java:251)
at org.testng.remote.RemoteTestNG.main(RemoteTestNG.java:77)
]]>
    </failure>
  </testcase> <!-- SaleAvailability -->
  <system-out/>
  <testcase classname="com.UrbanLadder.runner.Runner" name="EMIcheck" time="0.087"/>
  <system-out/>
  <testcase classname="com.UrbanLadder.runner.Runner" name="addtocart" time="2.438"/>
  <system-out/>
  <testcase classname="com.UrbanLadder.runner.Runner" name="checkaddtocart" time="5.246"/>
  <system-out/>
</testsuite> <!-- com.UrbanLadder.runner.Runner -->
